2025-09-13 03:05:20,392 - INFO - Portfolio state loaded successfully
2025-09-13 03:05:20,392 - INFO - Updating stock prices...
2025-09-13 03:05:20,478 - INFO - Updated CRNX: $34.00 (P&L: 4.62%)
2025-09-13 03:05:20,565 - INFO - Updated STRL: $313.56 (P&L: 9.63%)
2025-09-13 03:05:20,639 - INFO - Updated OTEX: $35.68 (P&L: 17.02%)
2025-09-13 03:05:20,716 - INFO - Updated ZION: $58.42 (P&L: 5.47%)
2025-09-13 03:05:20,716 - INFO - Updating stop levels...
2025-09-13 03:05:20,717 - INFO - Portfolio value updated: $1089.69
2025-09-13 03:05:20,720 - ERROR - Error saving daily snapshot: Must have equal len keys and value when setting with an iterable
2025-09-13 03:05:20,721 - INFO - Portfolio state saved
2025-09-15 00:02:28,277 - WARNING - Could not initialize Alpaca client: Alpaca API credentials not found in environment variables
2025-09-15 00:02:28,277 - INFO - Using Alpha Vantage for data
2025-09-15 00:02:28,277 - INFO - Portfolio state loaded successfully
2025-09-15 00:02:28,278 - INFO - Updating stock prices from Alpha Vantage...
2025-09-15 00:02:28,472 - INFO - Updated CRNX: $34.00 (P&L: 4.62%)
2025-09-15 00:02:28,800 - INFO - Updated STRL: $313.56 (P&L: 9.63%)
2025-09-15 00:02:28,947 - INFO - Updated OTEX: $35.68 (P&L: 17.02%)
2025-09-15 00:02:29,103 - INFO - Updated ZION: $58.42 (P&L: 5.47%)
2025-09-15 00:02:29,103 - INFO - Updating stop levels...
2025-09-15 00:02:29,104 - INFO - Portfolio value updated: $1089.69
2025-09-15 00:02:29,109 - INFO - Daily snapshot saved for 2025-09-15
2025-09-15 00:02:29,109 - INFO - Portfolio state saved
2025-09-15 00:11:37,851 - WARNING - Could not initialize Alpaca client: Alpaca API credentials not found in environment variables
2025-09-15 00:11:37,851 - INFO - Using Alpha Vantage for data
2025-09-15 00:11:37,851 - INFO - Portfolio state loaded successfully
2025-09-15 00:11:37,851 - INFO - Updating stock prices from Alpha Vantage...
2025-09-15 00:11:37,939 - INFO - Updated CRNX: $34.00 (P&L: 4.62%)
2025-09-15 00:11:37,999 - INFO - Updated STRL: $313.56 (P&L: 9.63%)
2025-09-15 00:11:38,059 - INFO - Updated OTEX: $35.68 (P&L: 17.02%)
2025-09-15 00:11:38,123 - INFO - Updated ZION: $58.42 (P&L: 5.47%)
2025-09-15 00:11:38,123 - INFO - Updating stop levels...
2025-09-15 00:11:38,124 - INFO - Portfolio value updated: $1089.69
2025-09-15 00:11:38,132 - INFO - Daily snapshot saved for 2025-09-15
2025-09-15 00:11:38,133 - INFO - Portfolio state saved
2025-09-15 00:27:52,088 - INFO - Alpaca client initialized for: https://paper-api.alpaca.markets
2025-09-15 00:27:52,492 - INFO - Connected to Alpaca - Account Status: ACTIVE
2025-09-15 00:27:52,492 - INFO - Buying Power: $200,000.00
2025-09-15 00:27:52,492 - INFO - Using Alpaca Markets for data
2025-09-15 00:27:52,492 - INFO - Portfolio state loaded successfully
2025-09-15 00:27:52,492 - INFO - Updating stock prices from Alpaca...
2025-09-15 00:27:53,042 - INFO - Updated CRNX: $33.99 (P&L: 4.60%)
2025-09-15 00:27:53,089 - INFO - Updated STRL: $313.84 (P&L: 9.73%)
2025-09-15 00:27:53,136 - INFO - Updated OTEX: $35.69 (P&L: 17.05%)
2025-09-15 00:27:53,183 - INFO - Updated ZION: $58.42 (P&L: 5.47%)
2025-09-15 00:27:53,183 - INFO - Updating stop levels...
2025-09-15 00:27:53,184 - INFO - Portfolio value updated: $1089.98
2025-09-15 00:27:53,192 - INFO - Daily snapshot saved for 2025-09-15
2025-09-15 00:27:53,192 - INFO - Portfolio state saved
